
Showing logs for build [32mcb-kubecd-environment-pr-584-4-w9kjg-1[0m stage [32mfrom-build-pack[0m and container [32mcredential-initializer[0m
{"level":"info","ts":1594730315.5148468,"caller":"creds-init/main.go:44","msg":"Credentials initialized."}

Showing logs for build [32mcb-kubecd-environment-pr-584-4-w9kjg-1[0m stage [32mfrom-build-pack[0m and container [32mworking-dir-initializer[0m

Showing logs for build [32mcb-kubecd-environment-pr-584-4-w9kjg-1[0m stage [32mfrom-build-pack[0m and container [32mplace-tools[0m

Showing logs for build [32mcb-kubecd-environment-pr-584-4-w9kjg-1[0m stage [32mfrom-build-pack[0m and container [32mstep-git-source-cb-kubecd-environment-pr-584-4-w9kjg-hl2nv[0m
{"level":"info","ts":1594730323.6634543,"caller":"git/git.go:105","msg":"Successfully cloned https://github.com/cb-kubecd/environment-pr-584-4-bdd-frontend-staging.git @ master in path /workspace/source"}
{"level":"warn","ts":1594730323.6636443,"caller":"git/git.go:152","msg":"Unexpected error: creating symlink: symlink /tekton/home/.ssh /root/.ssh: file exists"}
{"level":"info","ts":1594730323.703695,"caller":"git/git.go:133","msg":"Successfully initialized and updated submodules in path /workspace/source"}

Showing logs for build [32mcb-kubecd-environment-pr-584-4-w9kjg-1[0m stage [32mfrom-build-pack[0m and container [32mstep-setup-builder-home[0m

Showing logs for build [32mcb-kubecd-environment-pr-584-4-w9kjg-1[0m stage [32mfrom-build-pack[0m and container [32mstep-git-merge[0m
Using SHAs from PULL_REFS=master:ee2d900ece6af79ebdde402dcaf90ace5f3d941d,1:66e80297cb478e8eb5a18a063ad2698880eea145
DEBUG: JX_LOG_LEVEL=error LC_ALL=C git fetch origin --unshallow 66e80297cb478e8eb5a18a063ad2698880eea145: ee2d900ece6af79ebdde402dcaf90ace5f3d941d:
DEBUG: ran git fetch --unshallow origin 66e80297cb478e8eb5a18a063ad2698880eea145: ee2d900ece6af79ebdde402dcaf90ace5f3d941d: in 
DEBUG: LC_ALL=C JX_LOG_LEVEL=error git branch
DEBUG: LC_ALL=C JX_LOG_LEVEL=error git checkout master
DEBUG: ran git checkout master in 
DEBUG: LC_ALL=C JX_LOG_LEVEL=error git reset --hard ee2d900ece6af79ebdde402dcaf90ace5f3d941d
DEBUG: ran git reset --hard ee2d900ece6af79ebdde402dcaf90ace5f3d941d in 
DEBUG: LC_ALL=C JX_LOG_LEVEL=error git clean -fd .
DEBUG: ran clean --force -d . in 
DEBUG: JX_LOG_LEVEL=error LC_ALL=C git merge 66e80297cb478e8eb5a18a063ad2698880eea145
DEBUG: ran git merge 66e80297cb478e8eb5a18a063ad2698880eea145 in 
DEBUG: LC_ALL=C JX_LOG_LEVEL=error git log --format=%H%x1f%an%x1f%ae%x1f%cn%x1f%ce%x1f%s%n%b%x1e ee2d900ece6af79ebdde402dcaf90ace5f3d941d..HEAD
Merged SHA 66e80297cb478e8eb5a18a063ad2698880eea145 with commit message 'chore: Promote bdd-nh-1594729255 to version 0.0.1' into base branch master

Showing logs for build [32mcb-kubecd-environment-pr-584-4-w9kjg-1[0m stage [32mfrom-build-pack[0m and container [32mstep-build-helm-build[0m
WARNING: No $CHART_REPOSITORY defined so using the default value of: http://jenkins-x-chartmuseum:8080
Adding missing Helm repo: storage.googleapis.com https://storage.googleapis.com/chartmuseum.jenkins-x.io
WARNING: No secrets found on "helm/repos" due: reading the secret "helm/repos" from vault: no secret "helm/repos" not found in vault
Read credentials for https://storage.googleapis.com/chartmuseum.jenkins-x.io from vault helm/repos
Successfully added Helm repository storage.googleapis.com.
Adding missing Helm repo: jenkins-x-chartmuseum http://jenkins-x-chartmuseum:8080
WARNING: No secrets found on "helm/repos" due: reading the secret "helm/repos" from vault: no secret "helm/repos" not found in vault
Read credentials for http://jenkins-x-chartmuseum:8080 from vault helm/repos
Successfully added Helm repository jenkins-x-chartmuseum.
WARNING: No $CHART_REPOSITORY defined so using the default value of: http://jenkins-x-chartmuseum:8080
Adding missing Helm repo: chartmuseum.jenkins-x.io http://chartmuseum.jenkins-x.io
WARNING: No secrets found on "helm/repos" due: reading the secret "helm/repos" from vault: no secret "helm/repos" not found in vault
Read credentials for http://chartmuseum.jenkins-x.io from vault helm/repos
Successfully added Helm repository chartmuseum.jenkins-x.io.
